<?xml version="1.0" encoding="UTF-8"?>
<testsuite name="weather.WeatherReporterTest" tests="8" skipped="0" failures="0" errors="0" timestamp="2016-10-10T03:24:15" hostname="DESKTOP-0HRO65D" time="2.131">
  <properties/>
  <testcase name="ErrorOpeningInputStreamThrowsException" classname="weather.WeatherReporterTest" time="1.034"/>
  <testcase name="getJSONDataFromStreamReturnsCorrectString" classname="weather.WeatherReporterTest" time="0.001"/>
  <testcase name="HTTPResponseOKReturnsSameConnection" classname="weather.WeatherReporterTest" time="0.001"/>
  <testcase name="malformedURLThrowsException" classname="weather.WeatherReporterTest" time="0.001"/>
  <testcase name="getValuesFromJSONExtractsCityAndState" classname="weather.WeatherReporterTest" time="0.035"/>
  <testcase name="getWeatherReportReporter" classname="weather.WeatherReporterTest" time="0.053"/>
  <testcase name="unexpectedFormatJSONThrowsException" classname="weather.WeatherReporterTest" time="0.0"/>
  <testcase name="HTTPResponseNOTOKRetries" classname="weather.WeatherReporterTest" time="1.004"/>
  <system-out><![CDATA[]]></system-out>
  <system-err><![CDATA[]]></system-err>
</testsuite>
