<?xml version="1.0" encoding="UTF-8"?>
<testsuite name="weather.GeocoderTest" tests="8" skipped="0" failures="0" errors="0" timestamp="2016-10-10T03:24:13" hostname="DESKTOP-0HRO65D" time="2.343">
  <properties/>
  <testcase name="getcityStateWithGeoCoder" classname="weather.GeocoderTest" time="1.785"/>
  <testcase name="ErrorOpeningInputStreamThrowsException" classname="weather.GeocoderTest" time="0.004"/>
  <testcase name="getJSONDataFromStreamReturnsCorrectString" classname="weather.GeocoderTest" time="0.011"/>
  <testcase name="malformedURLThrowsException" classname="weather.GeocoderTest" time="0.002"/>
  <testcase name="getValuesFromJSONExtractsCityAndState" classname="weather.GeocoderTest" time="0.0"/>
  <testcase name="statusNotOKThrowsException" classname="weather.GeocoderTest" time="0.0"/>
  <testcase name="unexpectedFormatJSONThrowsException" classname="weather.GeocoderTest" time="0.0"/>
  <testcase name="HTTPResponseNOTOKRetries" classname="weather.GeocoderTest" time="0.539"/>
  <system-out><![CDATA[]]></system-out>
  <system-err><![CDATA[]]></system-err>
</testsuite>
