<?xml version="1.0" encoding="UTF-8"?>
<testsuite name="weather.WeatherServiceTest" tests="24" skipped="0" failures="0" errors="0" timestamp="2016-10-10T03:24:17" hostname="DESKTOP-0HRO65D" time="0.082">
  <properties/>
  <testcase name="getCityWithTheHighestTemperature" classname="weather.WeatherServiceTest" time="0.015"/>
  <testcase name="getCityStateWhenGeocodingServiceFailed" classname="weather.WeatherServiceTest" time="0.016"/>
  <testcase name="getCitiesWithTheLowestTemperature" classname="weather.WeatherServiceTest" time="0.002"/>
  <testcase name="canary" classname="weather.WeatherServiceTest" time="0.0"/>
  <testcase name="getCityStatesWithTwoZips" classname="weather.WeatherServiceTest" time="0.002"/>
  <testcase name="getCityStateWithAZip" classname="weather.WeatherServiceTest" time="0.002"/>
  <testcase name="cityWithSameNameSortedByState" classname="weather.WeatherServiceTest" time="0.01"/>
  <testcase name="errorIsSavedWhenGeocodingFails" classname="weather.WeatherServiceTest" time="0.003"/>
  <testcase name="getWeatherWhenWeatherReporterUndefined" classname="weather.WeatherServiceTest" time="0.0"/>
  <testcase name="citiesAreSortedAlphabetically" classname="weather.WeatherServiceTest" time="0.001"/>
  <testcase name="zipWithErrorWhenGettingWeatherIsSaved" classname="weather.WeatherServiceTest" time="0.007"/>
  <testcase name="getWeatherWithACity" classname="weather.WeatherServiceTest" time="0.001"/>
  <testcase name="zipWithErrorWhenGeoCodingDoNotAffectOtherRequests" classname="weather.WeatherServiceTest" time="0.003"/>
  <testcase name="zipWithErrorDoNotAffectOtherWeatherRequests" classname="weather.WeatherServiceTest" time="0.002"/>
  <testcase name="testCitiesToString" classname="weather.WeatherServiceTest" time="0.001"/>
  <testcase name="testErrorCitiesToString" classname="weather.WeatherServiceTest" time="0.002"/>
  <testcase name="cityWithSameNameAndStateSortedByZips" classname="weather.WeatherServiceTest" time="0.0"/>
  <testcase name="getCityWithTheLowestTemperature" classname="weather.WeatherServiceTest" time="0.0"/>
  <testcase name="getCityStateWhenGeocodingServiceUndefined" classname="weather.WeatherServiceTest" time="0.0"/>
  <testcase name="differentZipsSameCityAreOK" classname="weather.WeatherServiceTest" time="0.002"/>
  <testcase name="getWeatherWithMultipleCities" classname="weather.WeatherServiceTest" time="0.001"/>
  <testcase name="getCitiesWithTheHighestTemperature" classname="weather.WeatherServiceTest" time="0.0"/>
  <testcase name="emptyListOfZipCodesShouldReturnEmptyLists" classname="weather.WeatherServiceTest" time="0.001"/>
  <testcase name="getWeatherWhenWeatherReporterFailed" classname="weather.WeatherServiceTest" time="0.001"/>
  <system-out><![CDATA[]]></system-out>
  <system-err><![CDATA[]]></system-err>
</testsuite>
